This is pdfTeX, Version 3.14159265-2.6-1.40.19 (TeX Live 2019/dev/Debian) (preloaded format=pdflatex 2019.1.7)  24 JUL 2019 10:45
entering extended mode
 \write18 enabled.
 %&-line parsing enabled.
**2019-Research-Diary.tex
(./2019-Research-Diary.tex
LaTeX2e <2018-04-01> patch level 5
(/usr/share/texlive/texmf-dist/tex/latex/base/article.cls
Document Class: article 2014/09/29 v1.4h Standard LaTeX document class
(/usr/share/texlive/texmf-dist/tex/latex/base/size11.clo
File: size11.clo 2014/09/29 v1.4h Standard LaTeX file (size option)
)
\c@part=\count80
\c@section=\count81
\c@subsection=\count82
\c@subsubsection=\count83
\c@paragraph=\count84
\c@subparagraph=\count85
\c@figure=\count86
\c@table=\count87
\abovecaptionskip=\skip41
\belowcaptionskip=\skip42
\bibindent=\dimen102
)

! LaTeX Error: File `researchdiary.sty' not found.

Type X to quit or <RETURN> to proceed,
or enter new name. (Default extension: sty)

Enter file name: 
! Emergency stop.
<read *> 
         
l.8 ^^M
       
*** (cannot \read from terminal in nonstop modes)

 
Here is how much of TeX's memory you used:
 204 strings out of 494420
 2271 string characters out of 11922846
 12055073 words of memory out of 17000000
 3960 multiletter control sequences out of 15000+600000
 3940 words of font info for 15 fonts, out of 12000000 for 9000
 81 hyphenation exceptions out of 8191
 21i,0n,19p,160b,36s stack positions out of 5000i,500n,10000p,12000000b,80000s
!  ==> Fatal error occurred, no output PDF file produced!
